{"/codebuild/output/src702742347/src/source/uuid-generator/source/custom-resource-handler.ts": {"path":"/codebuild/output/src702742347/src/source/uuid-generator/source/custom-resource-handler.ts","statementMap":{"0":{"start":{"line":7,"column":0},"end":{"line":7,"column":null}},"1":{"start":{"line":8,"column":2},"end":{"line":8,"column":null}},"2":{"start":{"line":9,"column":2},"end":{"line":9,"column":null}}},"fnMap":{"0":{"name":"(anonymous_0)","decl":{"start":{"line":7,"column":0},"end":{"line":7,"column":12}},"loc":{"start":{"line":7,"column":23},"end":{"line":10,"column":1}}}},"branchMap":{"0":{"loc":{"start":{"line":7,"column":12},"end":{"line":7,"column":23}},"type":"binary-expr","locations":[{"start":{"line":7,"column":12},"end":{"line":7,"column":23}},{"start":{"line":7,"column":12},"end":{"line":7,"column":null}}]}},"s":{"0":1,"1":1,"2":1},"f":{"0":1},"b":{"0":[1,1]}}
,"/codebuild/output/src702742347/src/source/uuid-generator/source/index.ts": {"path":"/codebuild/output/src702742347/src/source/uuid-generator/source/index.ts","statementMap":{"0":{"start":{"line":4,"column":0},"end":{"line":4,"column":98}},"1":{"start":{"line":6,"column":0},"end":{"line":6,"column":29}},"2":{"start":{"line":7,"column":14},"end":{"line":7,"column":30}},"3":{"start":{"line":10,"column":2},"end":{"line":20,"column":null}},"4":{"start":{"line":11,"column":4},"end":{"line":14,"column":null}},"5":{"start":{"line":16,"column":4},"end":{"line":19,"column":null}},"6":{"start":{"line":24,"column":2},"end":{"line":27,"column":null}},"7":{"start":{"line":31,"column":2},"end":{"line":34,"column":null}},"8":{"start":{"line":40,"column":2},"end":{"line":57,"column":null}},"9":{"start":{"line":41,"column":4},"end":{"line":51,"column":null}},"10":{"start":{"line":43,"column":8},"end":{"line":43,"column":null}},"11":{"start":{"line":44,"column":8},"end":{"line":44,"column":13}},"12":{"start":{"line":46,"column":8},"end":{"line":46,"column":null}},"13":{"start":{"line":47,"column":8},"end":{"line":47,"column":13}},"14":{"start":{"line":49,"column":8},"end":{"line":49,"column":null}},"15":{"start":{"line":50,"column":8},"end":{"line":50,"column":13}},"16":{"start":{"line":53,"column":4},"end":{"line":56,"column":null}},"17":{"start":{"line":59,"column":2},"end":{"line":59,"column":null}},"18":{"start":{"line":64,"column":16},"end":{"line":71,"column":4}},"19":{"start":{"line":65,"column":4},"end":{"line":70,"column":null}},"20":{"start":{"line":66,"column":6},"end":{"line":69,"column":null}},"21":{"start":{"line":73,"column":2},"end":{"line":76,"column":null}},"22":{"start":{"line":74,"column":4},"end":{"line":74,"column":null}},"23":{"start":{"line":75,"column":4},"end":{"line":75,"column":null}},"24":{"start":{"line":80,"column":2},"end":{"line":80,"column":null}},"25":{"start":{"line":82,"column":17},"end":{"line":82,"column":77}},"26":{"start":{"line":84,"column":23},"end":{"line":92,"column":4}},"27":{"start":{"line":94,"column":17},"end":{"line":99,"column":null}},"28":{"start":{"line":101,"column":2},"end":{"line":101,"column":null}},"29":{"start":{"line":104,"column":0},"end":{"line":124,"column":null}},"30":{"start":{"line":104,"column":67},"end":{"line":124,"column":null}},"31":{"start":{"line":105,"column":2},"end":{"line":105,"column":null}},"32":{"start":{"line":109,"column":2},"end":{"line":123,"column":null}},"33":{"start":{"line":112,"column":20},"end":{"line":112,"column":61}},"34":{"start":{"line":113,"column":4},"end":{"line":113,"column":null}},"35":{"start":{"line":115,"column":4},"end":{"line":115,"column":null}},"36":{"start":{"line":116,"column":4},"end":{"line":119,"column":null}},"37":{"start":{"line":121,"column":21},"end":{"line":121,"column":77}},"38":{"start":{"line":122,"column":4},"end":{"line":122,"column":null}}},"fnMap":{"0":{"name":"handleCreate","decl":{"start":{"line":9,"column":15},"end":{"line":9,"column":27}},"loc":{"start":{"line":9,"column":38},"end":{"line":21,"column":null}}},"1":{"name":"handleUpdate","decl":{"start":{"line":23,"column":15},"end":{"line":23,"column":27}},"loc":{"start":{"line":23,"column":27},"end":{"line":28,"column":null}}},"2":{"name":"handleDelete","decl":{"start":{"line":30,"column":15},"end":{"line":30,"column":27}},"loc":{"start":{"line":30,"column":27},"end":{"line":35,"column":null}}},"3":{"name":"processEvent","decl":{"start":{"line":37,"column":15},"end":{"line":37,"column":27}},"loc":{"start":{"line":37,"column":33},"end":{"line":60,"column":null}}},"4":{"name":"withTimeout","decl":{"start":{"line":62,"column":9},"end":{"line":62,"column":20}},"loc":{"start":{"line":62,"column":40},"end":{"line":77,"column":1}}},"5":{"name":"(anonymous_16)","decl":{"start":{"line":64,"column":28},"end":{"line":64,"column":29}},"loc":{"start":{"line":64,"column":42},"end":{"line":71,"column":3}}},"6":{"name":"(anonymous_17)","decl":{"start":{"line":65,"column":27},"end":{"line":65,"column":30}},"loc":{"start":{"line":65,"column":32},"end":{"line":70,"column":5}}},"7":{"name":"(anonymous_18)","decl":{"start":{"line":73,"column":44},"end":{"line":73,"column":50}},"loc":{"start":{"line":73,"column":53},"end":{"line":76,"column":3}}},"8":{"name":"sendResponse","decl":{"start":{"line":79,"column":9},"end":{"line":79,"column":21}},"loc":{"start":{"line":79,"column":102},"end":{"line":102,"column":1}}},"9":{"name":"(anonymous_20)","decl":{"start":{"line":104,"column":18},"end":{"line":104,"column":25}},"loc":{"start":{"line":104,"column":67},"end":{"line":124,"column":null}}},"10":{"name":"(anonymous_21)","decl":{"start":{"line":104,"column":67},"end":{"line":104,"column":null}},"loc":{"start":{"line":104,"column":67},"end":{"line":124,"column":1}}}},"branchMap":{"0":{"loc":{"start":{"line":42,"column":6},"end":{"line":44,"column":13}},"type":"switch","locations":[{"start":{"line":42,"column":6},"end":{"line":44,"column":13}},{"start":{"line":45,"column":6},"end":{"line":47,"column":13}},{"start":{"line":48,"column":6},"end":{"line":50,"column":13}}]}},"s":{"0":1,"1":1,"2":1,"3":1,"4":1,"5":0,"6":1,"7":1,"8":3,"9":3,"10":1,"11":1,"12":1,"13":1,"14":1,"15":1,"16":0,"17":3,"18":3,"19":3,"20":0,"21":3,"22":3,"23":3,"24":3,"25":3,"26":3,"27":3,"28":3,"29":1,"30":3,"31":3,"32":3,"33":3,"34":3,"35":0,"36":0,"37":3,"38":3},"f":{"0":1,"1":1,"2":1,"3":3,"4":3,"5":3,"6":0,"7":3,"8":3,"9":3,"10":3},"b":{"0":[1,1,1]}}
}
