TN:
SF:source/custom-resource-handler.ts
FN:7,(anonymous_0)
FNF:1
FNH:1
FNDA:1,(anonymous_0)
DA:7,1
DA:8,1
DA:9,1
LF:3
LH:3
BRDA:7,0,0,1
BRDA:7,0,1,1
BRF:2
BRH:2
end_of_record
TN:
SF:source/index.ts
FN:9,handleCreate
FN:23,handleUpdate
FN:30,handleDelete
FN:37,processEvent
FN:62,withTimeout
FN:64,(anonymous_16)
FN:65,(anonymous_17)
FN:73,(anonymous_18)
FN:79,sendResponse
FN:104,(anonymous_20)
FN:104,(anonymous_21)
FNF:11
FNH:10
FNDA:1,handleCreate
FNDA:1,handleUpdate
FNDA:1,handleDelete
FNDA:3,processEvent
FNDA:3,withTimeout
FNDA:3,(anonymous_16)
FNDA:0,(anonymous_17)
FNDA:3,(anonymous_18)
FNDA:3,sendResponse
FNDA:3,(anonymous_20)
FNDA:3,(anonymous_21)
DA:4,1
DA:6,1
DA:7,1
DA:10,1
DA:11,1
DA:16,0
DA:24,1
DA:31,1
DA:40,3
DA:41,3
DA:43,1
DA:44,1
DA:46,1
DA:47,1
DA:49,1
DA:50,1
DA:53,0
DA:59,3
DA:64,3
DA:65,3
DA:66,0
DA:73,3
DA:74,3
DA:75,3
DA:80,3
DA:82,3
DA:84,3
DA:94,3
DA:101,3
DA:104,3
DA:105,3
DA:109,3
DA:112,3
DA:113,3
DA:115,0
DA:116,0
DA:121,3
DA:122,3
LF:38
LH:33
BRDA:42,0,0,1
BRDA:42,0,1,1
BRDA:42,0,2,1
BRF:3
BRH:3
end_of_record
