<?xml version="1.0" encoding="UTF-8"?>
<coverage generated="1586966623919" clover="3.2.0">
  <project timestamp="1586966623919" name="All files">
    <metrics statements="80" coveredstatements="72" conditionals="19" coveredconditionals="17" methods="11" coveredmethods="10" elements="110" coveredelements="99" complexity="0" loc="80" ncloc="80" packages="1" files="2" classes="2"/>
    <file name="custom-resource-handler.ts" path="/codebuild/output/src702742347/src/source/secondary-bucket-creator/source/custom-resource-handler.ts">
      <metrics statements="3" coveredstatements="3" conditionals="2" coveredconditionals="2" methods="1" coveredmethods="1"/>
      <line num="7" count="1" type="cond" truecount="2" falsecount="0"/>
      <line num="8" count="1" type="stmt"/>
      <line num="9" count="1" type="stmt"/>
    </file>
    <file name="index.ts" path="/codebuild/output/src702742347/src/source/secondary-bucket-creator/source/index.ts">
      <metrics statements="77" coveredstatements="69" conditionals="17" coveredconditionals="15" methods="10" coveredmethods="9"/>
      <line num="4" count="1" type="stmt"/>
      <line num="6" count="1" type="stmt"/>
      <line num="7" count="1" type="stmt"/>
      <line num="10" count="4" type="stmt"/>
      <line num="11" count="4" type="stmt"/>
      <line num="13" count="4" type="stmt"/>
      <line num="17" count="4" type="cond" truecount="1" falsecount="1"/>
      <line num="18" count="4" type="stmt"/>
      <line num="23" count="4" type="stmt"/>
      <line num="24" count="4" type="stmt"/>
      <line num="25" count="4" type="stmt"/>
      <line num="27" count="4" type="stmt"/>
      <line num="39" count="4" type="stmt"/>
      <line num="40" count="4" type="stmt"/>
      <line num="41" count="4" type="stmt"/>
      <line num="43" count="4" type="cond" truecount="2" falsecount="0"/>
      <line num="44" count="2" type="stmt"/>
      <line num="48" count="2" type="stmt"/>
      <line num="49" count="2" type="stmt"/>
      <line num="50" count="2" type="stmt"/>
      <line num="53" count="4" type="stmt"/>
      <line num="62" count="4" type="stmt"/>
      <line num="63" count="4" type="stmt"/>
      <line num="64" count="4" type="stmt"/>
      <line num="66" count="4" type="cond" truecount="4" falsecount="0"/>
      <line num="67" count="2" type="stmt"/>
      <line num="76" count="2" type="stmt"/>
      <line num="77" count="2" type="stmt"/>
      <line num="78" count="2" type="stmt"/>
      <line num="81" count="4" type="stmt"/>
      <line num="86" count="0" type="stmt"/>
      <line num="87" count="0" type="stmt"/>
      <line num="94" count="1" type="stmt"/>
      <line num="95" count="2" type="stmt"/>
      <line num="96" count="2" type="stmt"/>
      <line num="97" count="2" type="stmt"/>
      <line num="100" count="2" type="stmt"/>
      <line num="101" count="2" type="stmt"/>
      <line num="102" count="2" type="stmt"/>
      <line num="103" count="2" type="cond" truecount="2" falsecount="0"/>
      <line num="105" count="2" type="cond" truecount="2" falsecount="0"/>
      <line num="106" count="1" type="stmt"/>
      <line num="109" count="2" type="stmt"/>
      <line num="110" count="2" type="stmt"/>
      <line num="111" count="2" type="cond" truecount="1" falsecount="1"/>
      <line num="112" count="0" type="stmt"/>
      <line num="115" count="2" type="stmt"/>
      <line num="116" count="2" type="stmt"/>
      <line num="118" count="0" type="stmt"/>
      <line num="128" count="4" type="stmt"/>
      <line num="129" count="4" type="stmt"/>
      <line num="131" count="2" type="stmt"/>
      <line num="132" count="2" type="stmt"/>
      <line num="135" count="2" type="stmt"/>
      <line num="139" count="2" type="stmt"/>
      <line num="142" count="0" type="stmt"/>
      <line num="148" count="4" type="stmt"/>
      <line num="153" count="4" type="stmt"/>
      <line num="154" count="4" type="stmt"/>
      <line num="155" count="0" type="stmt"/>
      <line num="162" count="4" type="stmt"/>
      <line num="163" count="4" type="stmt"/>
      <line num="164" count="4" type="stmt"/>
      <line num="169" count="4" type="stmt"/>
      <line num="171" count="4" type="stmt"/>
      <line num="173" count="4" type="stmt"/>
      <line num="183" count="4" type="stmt"/>
      <line num="190" count="4" type="stmt"/>
      <line num="193" count="4" type="stmt"/>
      <line num="194" count="4" type="stmt"/>
      <line num="198" count="4" type="stmt"/>
      <line num="201" count="4" type="stmt"/>
      <line num="202" count="4" type="stmt"/>
      <line num="204" count="0" type="stmt"/>
      <line num="205" count="0" type="stmt"/>
      <line num="211" count="4" type="stmt"/>
      <line num="212" count="4" type="stmt"/>
    </file>
  </project>
</coverage>
