{"/codebuild/output/src702742347/src/source/secondary-bucket-creator/source/custom-resource-handler.ts": {"path":"/codebuild/output/src702742347/src/source/secondary-bucket-creator/source/custom-resource-handler.ts","statementMap":{"0":{"start":{"line":7,"column":0},"end":{"line":7,"column":null}},"1":{"start":{"line":8,"column":2},"end":{"line":8,"column":null}},"2":{"start":{"line":9,"column":2},"end":{"line":9,"column":null}}},"fnMap":{"0":{"name":"(anonymous_0)","decl":{"start":{"line":7,"column":0},"end":{"line":7,"column":12}},"loc":{"start":{"line":7,"column":23},"end":{"line":10,"column":1}}}},"branchMap":{"0":{"loc":{"start":{"line":7,"column":12},"end":{"line":7,"column":23}},"type":"binary-expr","locations":[{"start":{"line":7,"column":12},"end":{"line":7,"column":23}},{"start":{"line":7,"column":12},"end":{"line":7,"column":null}}]}},"s":{"0":1,"1":1,"2":1},"f":{"0":1},"b":{"0":[1,1]}}
,"/codebuild/output/src702742347/src/source/secondary-bucket-creator/source/index.ts": {"path":"/codebuild/output/src702742347/src/source/secondary-bucket-creator/source/index.ts","statementMap":{"0":{"start":{"line":4,"column":0},"end":{"line":4,"column":119}},"1":{"start":{"line":6,"column":14},"end":{"line":6,"column":30}},"2":{"start":{"line":7,"column":12},"end":{"line":7,"column":30}},"3":{"start":{"line":10,"column":2},"end":{"line":91,"column":null}},"4":{"start":{"line":11,"column":15},"end":{"line":11,"column":51}},"5":{"start":{"line":13,"column":31},"end":{"line":15,"column":6}},"6":{"start":{"line":17,"column":4},"end":{"line":21,"column":null}},"7":{"start":{"line":18,"column":6},"end":{"line":20,"column":8}},"8":{"start":{"line":23,"column":4},"end":{"line":23,"column":74}},"9":{"start":{"line":24,"column":4},"end":{"line":24,"column":56}},"10":{"start":{"line":25,"column":4},"end":{"line":25,"column":73}},"11":{"start":{"line":27,"column":38},"end":{"line":38,"column":6}},"12":{"start":{"line":39,"column":4},"end":{"line":39,"column":91}},"13":{"start":{"line":40,"column":4},"end":{"line":40,"column":null}},"14":{"start":{"line":41,"column":4},"end":{"line":41,"column":90}},"15":{"start":{"line":43,"column":4},"end":{"line":51,"column":null}},"16":{"start":{"line":44,"column":33},"end":{"line":47,"column":8}},"17":{"start":{"line":48,"column":6},"end":{"line":48,"column":79}},"18":{"start":{"line":49,"column":6},"end":{"line":49,"column":58}},"19":{"start":{"line":50,"column":6},"end":{"line":50,"column":78}},"20":{"start":{"line":53,"column":39},"end":{"line":61,"column":6}},"21":{"start":{"line":62,"column":4},"end":{"line":62,"column":94}},"22":{"start":{"line":63,"column":4},"end":{"line":63,"column":72}},"23":{"start":{"line":64,"column":4},"end":{"line":64,"column":93}},"24":{"start":{"line":66,"column":4},"end":{"line":79,"column":null}},"25":{"start":{"line":67,"column":37},"end":{"line":75,"column":8}},"26":{"start":{"line":76,"column":6},"end":{"line":76,"column":87}},"27":{"start":{"line":77,"column":6},"end":{"line":77,"column":null}},"28":{"start":{"line":78,"column":6},"end":{"line":78,"column":86}},"29":{"start":{"line":81,"column":4},"end":{"line":84,"column":null}},"30":{"start":{"line":86,"column":4},"end":{"line":86,"column":null}},"31":{"start":{"line":87,"column":4},"end":{"line":90,"column":null}},"32":{"start":{"line":95,"column":2},"end":{"line":122,"column":null}},"33":{"start":{"line":96,"column":26},"end":{"line":96,"column":49}},"34":{"start":{"line":97,"column":28},"end":{"line":97,"column":49}},"35":{"start":{"line":100,"column":27},"end":{"line":100,"column":29}},"36":{"start":{"line":101,"column":31},"end":{"line":101,"column":53}},"37":{"start":{"line":102,"column":25},"end":{"line":102,"column":64}},"38":{"start":{"line":103,"column":32},"end":{"line":103,"column":124}},"39":{"start":{"line":105,"column":4},"end":{"line":107,"column":null}},"40":{"start":{"line":106,"column":6},"end":{"line":106,"column":93}},"41":{"start":{"line":109,"column":36},"end":{"line":109,"column":86}},"42":{"start":{"line":110,"column":45},"end":{"line":110,"column":122}},"43":{"start":{"line":111,"column":4},"end":{"line":113,"column":null}},"44":{"start":{"line":112,"column":6},"end":{"line":112,"column":46}},"45":{"start":{"line":115,"column":32},"end":{"line":115,"column":77}},"46":{"start":{"line":116,"column":4},"end":{"line":116,"column":null}},"47":{"start":{"line":118,"column":4},"end":{"line":121,"column":null}},"48":{"start":{"line":94,"column":0},"end":{"line":94,"column":22}},"49":{"start":{"line":128,"column":2},"end":{"line":146,"column":null}},"50":{"start":{"line":129,"column":4},"end":{"line":140,"column":null}},"51":{"start":{"line":131,"column":8},"end":{"line":131,"column":null}},"52":{"start":{"line":132,"column":8},"end":{"line":132,"column":13}},"53":{"start":{"line":135,"column":8},"end":{"line":138,"column":10}},"54":{"start":{"line":139,"column":8},"end":{"line":139,"column":13}},"55":{"start":{"line":142,"column":4},"end":{"line":145,"column":null}},"56":{"start":{"line":148,"column":2},"end":{"line":148,"column":null}},"57":{"start":{"line":153,"column":16},"end":{"line":160,"column":4}},"58":{"start":{"line":154,"column":4},"end":{"line":159,"column":null}},"59":{"start":{"line":155,"column":6},"end":{"line":158,"column":null}},"60":{"start":{"line":162,"column":2},"end":{"line":165,"column":null}},"61":{"start":{"line":163,"column":4},"end":{"line":163,"column":null}},"62":{"start":{"line":164,"column":4},"end":{"line":164,"column":null}},"63":{"start":{"line":169,"column":2},"end":{"line":169,"column":null}},"64":{"start":{"line":171,"column":17},"end":{"line":171,"column":77}},"65":{"start":{"line":173,"column":23},"end":{"line":181,"column":4}},"66":{"start":{"line":183,"column":17},"end":{"line":188,"column":null}},"67":{"start":{"line":190,"column":2},"end":{"line":190,"column":null}},"68":{"start":{"line":193,"column":0},"end":{"line":213,"column":null}},"69":{"start":{"line":193,"column":67},"end":{"line":213,"column":null}},"70":{"start":{"line":194,"column":2},"end":{"line":194,"column":null}},"71":{"start":{"line":198,"column":2},"end":{"line":209,"column":null}},"72":{"start":{"line":201,"column":20},"end":{"line":201,"column":61}},"73":{"start":{"line":202,"column":4},"end":{"line":202,"column":null}},"74":{"start":{"line":204,"column":4},"end":{"line":204,"column":null}},"75":{"start":{"line":205,"column":4},"end":{"line":208,"column":null}},"76":{"start":{"line":211,"column":19},"end":{"line":211,"column":75}},"77":{"start":{"line":212,"column":2},"end":{"line":212,"column":25}}},"fnMap":{"0":{"name":"createBucketInSecondaryRegion","decl":{"start":{"line":9,"column":15},"end":{"line":9,"column":44}},"loc":{"start":{"line":9,"column":137},"end":{"line":92,"column":null}}},"1":{"name":"handleCreate","decl":{"start":{"line":94,"column":22},"end":{"line":94,"column":34}},"loc":{"start":{"line":94,"column":61},"end":{"line":123,"column":null}}},"2":{"name":"processEvent","decl":{"start":{"line":125,"column":15},"end":{"line":125,"column":27}},"loc":{"start":{"line":125,"column":33},"end":{"line":149,"column":null}}},"3":{"name":"withTimeout","decl":{"start":{"line":151,"column":9},"end":{"line":151,"column":20}},"loc":{"start":{"line":151,"column":40},"end":{"line":166,"column":1}}},"4":{"name":"(anonymous_14)","decl":{"start":{"line":153,"column":28},"end":{"line":153,"column":29}},"loc":{"start":{"line":153,"column":42},"end":{"line":160,"column":3}}},"5":{"name":"(anonymous_15)","decl":{"start":{"line":154,"column":27},"end":{"line":154,"column":30}},"loc":{"start":{"line":154,"column":32},"end":{"line":159,"column":5}}},"6":{"name":"(anonymous_16)","decl":{"start":{"line":162,"column":44},"end":{"line":162,"column":50}},"loc":{"start":{"line":162,"column":53},"end":{"line":165,"column":3}}},"7":{"name":"sendResponse","decl":{"start":{"line":168,"column":9},"end":{"line":168,"column":21}},"loc":{"start":{"line":168,"column":102},"end":{"line":191,"column":1}}},"8":{"name":"(anonymous_18)","decl":{"start":{"line":193,"column":18},"end":{"line":193,"column":25}},"loc":{"start":{"line":193,"column":67},"end":{"line":213,"column":null}}},"9":{"name":"(anonymous_19)","decl":{"start":{"line":193,"column":67},"end":{"line":193,"column":null}},"loc":{"start":{"line":193,"column":67},"end":{"line":213,"column":1}}}},"branchMap":{"0":{"loc":{"start":{"line":17,"column":4},"end":{"line":21,"column":null}},"type":"if","locations":[{"start":{"line":17,"column":4},"end":{"line":21,"column":null}},{"start":{"line":17,"column":4},"end":{"line":21,"column":null}}]},"1":{"loc":{"start":{"line":43,"column":4},"end":{"line":51,"column":null}},"type":"if","locations":[{"start":{"line":43,"column":4},"end":{"line":51,"column":null}},{"start":{"line":43,"column":4},"end":{"line":51,"column":null}}]},"2":{"loc":{"start":{"line":66,"column":4},"end":{"line":79,"column":null}},"type":"if","locations":[{"start":{"line":66,"column":4},"end":{"line":79,"column":null}},{"start":{"line":66,"column":4},"end":{"line":79,"column":null}}]},"3":{"loc":{"start":{"line":66,"column":8},"end":{"line":66,"column":25}},"type":"binary-expr","locations":[{"start":{"line":66,"column":8},"end":{"line":66,"column":25}},{"start":{"line":66,"column":29},"end":{"line":66,"column":42}}]},"4":{"loc":{"start":{"line":103,"column":70},"end":{"line":103,"column":108}},"type":"cond-expr","locations":[{"start":{"line":103,"column":70},"end":{"line":103,"column":108}},{"start":{"line":103,"column":111},"end":{"line":103,"column":124}}]},"5":{"loc":{"start":{"line":105,"column":4},"end":{"line":107,"column":null}},"type":"if","locations":[{"start":{"line":105,"column":4},"end":{"line":107,"column":null}},{"start":{"line":105,"column":4},"end":{"line":107,"column":null}}]},"6":{"loc":{"start":{"line":111,"column":4},"end":{"line":113,"column":null}},"type":"if","locations":[{"start":{"line":111,"column":4},"end":{"line":113,"column":null}},{"start":{"line":111,"column":4},"end":{"line":113,"column":null}}]},"7":{"loc":{"start":{"line":130,"column":6},"end":{"line":132,"column":13}},"type":"switch","locations":[{"start":{"line":130,"column":6},"end":{"line":132,"column":13}},{"start":{"line":133,"column":6},"end":{"line":133,"column":20}},{"start":{"line":134,"column":6},"end":{"line":139,"column":13}}]}},"s":{"0":1,"1":1,"2":1,"3":4,"4":4,"5":4,"6":4,"7":4,"8":4,"9":4,"10":4,"11":4,"12":4,"13":4,"14":4,"15":4,"16":2,"17":2,"18":2,"19":2,"20":4,"21":4,"22":4,"23":4,"24":4,"25":2,"26":2,"27":2,"28":2,"29":4,"30":0,"31":0,"32":2,"33":2,"34":2,"35":2,"36":2,"37":2,"38":2,"39":2,"40":1,"41":2,"42":2,"43":2,"44":0,"45":2,"46":2,"47":0,"48":1,"49":4,"50":4,"51":2,"52":2,"53":2,"54":2,"55":0,"56":4,"57":4,"58":4,"59":0,"60":4,"61":4,"62":4,"63":4,"64":4,"65":4,"66":4,"67":4,"68":1,"69":4,"70":4,"71":4,"72":4,"73":4,"74":0,"75":0,"76":4,"77":4},"f":{"0":4,"1":2,"2":4,"3":4,"4":4,"5":0,"6":4,"7":4,"8":4,"9":4},"b":{"0":[4,0],"1":[2,2],"2":[2,2],"3":[4,2],"4":[1,1],"5":[1,1],"6":[0,2],"7":[2,1,2]}}
}
