TN:
SF:source/custom-resource-handler.ts
FN:7,(anonymous_0)
FNF:1
FNH:1
FNDA:1,(anonymous_0)
DA:7,1
DA:8,1
DA:9,1
LF:3
LH:3
BRDA:7,0,0,1
BRDA:7,0,1,1
BRF:2
BRH:2
end_of_record
TN:
SF:source/index.ts
FN:9,createBucketInSecondaryRegion
FN:94,handleCreate
FN:125,processEvent
FN:151,withTimeout
FN:153,(anonymous_14)
FN:154,(anonymous_15)
FN:162,(anonymous_16)
FN:168,sendResponse
FN:193,(anonymous_18)
FN:193,(anonymous_19)
FNF:10
FNH:9
FNDA:4,createBucketInSecondaryRegion
FNDA:2,handleCreate
FNDA:4,processEvent
FNDA:4,withTimeout
FNDA:4,(anonymous_14)
FNDA:0,(anonymous_15)
FNDA:4,(anonymous_16)
FNDA:4,sendResponse
FNDA:4,(anonymous_18)
FNDA:4,(anonymous_19)
DA:4,1
DA:6,1
DA:7,1
DA:10,4
DA:11,4
DA:13,4
DA:17,4
DA:18,4
DA:23,4
DA:24,4
DA:25,4
DA:27,4
DA:39,4
DA:40,4
DA:41,4
DA:43,4
DA:44,2
DA:48,2
DA:49,2
DA:50,2
DA:53,4
DA:62,4
DA:63,4
DA:64,4
DA:66,4
DA:67,2
DA:76,2
DA:77,2
DA:78,2
DA:81,4
DA:86,0
DA:87,0
DA:94,1
DA:95,2
DA:96,2
DA:97,2
DA:100,2
DA:101,2
DA:102,2
DA:103,2
DA:105,2
DA:106,1
DA:109,2
DA:110,2
DA:111,2
DA:112,0
DA:115,2
DA:116,2
DA:118,0
DA:128,4
DA:129,4
DA:131,2
DA:132,2
DA:135,2
DA:139,2
DA:142,0
DA:148,4
DA:153,4
DA:154,4
DA:155,0
DA:162,4
DA:163,4
DA:164,4
DA:169,4
DA:171,4
DA:173,4
DA:183,4
DA:190,4
DA:193,4
DA:194,4
DA:198,4
DA:201,4
DA:202,4
DA:204,0
DA:205,0
DA:211,4
DA:212,4
LF:77
LH:69
BRDA:17,0,0,4
BRDA:17,0,1,0
BRDA:43,1,0,2
BRDA:43,1,1,2
BRDA:66,2,0,2
BRDA:66,2,1,2
BRDA:66,3,0,4
BRDA:66,3,1,2
BRDA:103,4,0,1
BRDA:103,4,1,1
BRDA:105,5,0,1
BRDA:105,5,1,1
BRDA:111,6,0,0
BRDA:111,6,1,2
BRDA:130,7,0,2
BRDA:130,7,1,1
BRDA:130,7,2,2
BRF:17
BRH:15
end_of_record
